[debug] [2025-01-23T19:19:22.261Z] ----------------------------------------------------------------------
[debug] [2025-01-23T19:19:22.267Z] Command:       /usr/local/bin/node /usr/local/bin/firebase init
[debug] [2025-01-23T19:19:22.267Z] CLI Version:   13.29.2
[debug] [2025-01-23T19:19:22.267Z] Platform:      darwin
[debug] [2025-01-23T19:19:22.267Z] Node Version:  v22.12.0
[debug] [2025-01-23T19:19:22.267Z] Time:          Thu Jan 23 2025 20:19:22 GMT+0100 (Central European Standard Time)
[debug] [2025-01-23T19:19:22.267Z] ----------------------------------------------------------------------
[debug] 
[debug] [2025-01-23T19:19:22.271Z] > command requires scopes: ["email","openid","https://www.googleapis.com/auth/cloudplatformprojects.readonly","https://www.googleapis.com/auth/firebase","https://www.googleapis.com/auth/cloud-platform"]
[debug] [2025-01-23T19:19:22.272Z] > authorizing via signed-in user (juicyy.developer@gmail.com)
[info] 
     ######## #### ########  ######## ########     ###     ######  ########
     ##        ##  ##     ## ##       ##     ##  ##   ##  ##       ##
     ######    ##  ########  ######   ########  #########  ######  ######
     ##        ##  ##    ##  ##       ##     ## ##     ##       ## ##
     ##       #### ##     ## ######## ########  ##     ##  ######  ########

You're about to initialize a Firebase project in this directory:

  /Users/jakub/Documents/GitHub/comparison

[info] 
=== Project Setup
[info] 
[info] First, let's associate this project directory with a Firebase project.
[info] You can create multiple project aliases by running firebase use --add, 
[info] but for now we'll just set up a default project.
[info] 
[debug] [2025-01-23T19:19:31.339Z] Checked if tokens are valid: false, expires at: 1737659586254
[debug] [2025-01-23T19:19:31.339Z] Checked if tokens are valid: false, expires at: 1737659586254
[debug] [2025-01-23T19:19:31.340Z] > refreshing access token with scopes: []
[debug] [2025-01-23T19:19:31.343Z] >>> [apiv2][query] POST https://www.googleapis.com/oauth2/v3/token [none]
[debug] [2025-01-23T19:19:31.343Z] >>> [apiv2][body] POST https://www.googleapis.com/oauth2/v3/token [omitted]
[debug] [2025-01-23T19:19:31.519Z] <<< [apiv2][status] POST https://www.googleapis.com/oauth2/v3/token 200
[debug] [2025-01-23T19:19:31.519Z] <<< [apiv2][body] POST https://www.googleapis.com/oauth2/v3/token [omitted]
[debug] [2025-01-23T19:19:31.538Z] >>> [apiv2][query] GET https://firebase.googleapis.com/v1beta1/projects pageSize=100
[debug] [2025-01-23T19:19:32.069Z] <<< [apiv2][status] GET https://firebase.googleapis.com/v1beta1/projects 200
[debug] [2025-01-23T19:19:32.069Z] <<< [apiv2][body] GET https://firebase.googleapis.com/v1beta1/projects [omitted]
[info] i  Using project felos-enterprise (Felos) 
[info] 
=== Hosting Setup
[debug] [2025-01-23T19:19:37.172Z] Checked if tokens are valid: true, expires at: 1737663570519
[debug] [2025-01-23T19:19:37.172Z] Checked if tokens are valid: true, expires at: 1737663570519
[debug] [2025-01-23T19:19:37.172Z] >>> [apiv2][query] GET https://firebase.googleapis.com/v1beta1/projects/felos-enterprise [none]
[debug] [2025-01-23T19:19:37.406Z] <<< [apiv2][status] GET https://firebase.googleapis.com/v1beta1/projects/felos-enterprise 200
[debug] [2025-01-23T19:19:37.407Z] <<< [apiv2][body] GET https://firebase.googleapis.com/v1beta1/projects/felos-enterprise {"projectId":"felos-enterprise","projectNumber":"1016415318180","displayName":"Felos","name":"projects/felos-enterprise","resources":{"hostingSite":"felos-enterprise"},"state":"ACTIVE","etag":"1_7b0b5f0d-f5d4-4ba0-a953-107968f69a2f"}
[info] 
[info] i  Didn't detect a .git folder. Assuming /Users/jakub/Documents/GitHub/comparison is the project root. 
[info] i  Authorizing with GitHub to upload your service account to a GitHub repository's secrets store. 
[info] 
[info] Visit this URL on this device to log in:
[info] https://github.com/login/oauth/authorize?client_id=89cf50f02ac6aaed3484&state=494213010&redirect_uri=http%3A%2F%2Flocalhost%3A9005&scope=read%3Auser%20repo%20public_repo
[info] 
[info] Waiting for authentication...
[debug] [2025-01-23T19:20:52.747Z] >>> [apiv2][query] POST https://github.com/login/oauth/access_token [none]
[debug] [2025-01-23T19:20:52.753Z] >>> [apiv2][body] POST https://github.com/login/oauth/access_token [stream]
[debug] [2025-01-23T19:20:53.101Z] <<< [apiv2][status] POST https://github.com/login/oauth/access_token 200
[debug] [2025-01-23T19:20:53.102Z] <<< [apiv2][body] POST https://github.com/login/oauth/access_token {"access_token":"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","token_type":"bearer","scope":"read:user,repo"}
[debug] [2025-01-23T19:20:53.109Z] >>> [apiv2][query] GET https://api.github.com/user [none]
[debug] [2025-01-23T19:20:53.454Z] <<< [apiv2][status] GET https://api.github.com/user 200
[debug] [2025-01-23T19:20:53.454Z] <<< [apiv2][body] GET https://api.github.com/user {"login":"xxKuzi","id":120741186,"node_id":"U_kgDOBzJdQg","avatar_url":"https://avatars.githubusercontent.com/u/120741186?v=4","gravatar_id":"","url":"https://api.github.com/users/xxKuzi","html_url":"https://github.com/xxKuzi","followers_url":"https://api.github.com/users/xxKuzi/followers","following_url":"https://api.github.com/users/xxKuzi/following{/other_user}","gists_url":"https://api.github.com/users/xxKuzi/gists{/gist_id}","starred_url":"https://api.github.com/users/xxKuzi/starred{/owner}{/repo}","subscriptions_url":"https://api.github.com/users/xxKuzi/subscriptions","organizations_url":"https://api.github.com/users/xxKuzi/orgs","repos_url":"https://api.github.com/users/xxKuzi/repos","events_url":"https://api.github.com/users/xxKuzi/events{/privacy}","received_events_url":"https://api.github.com/users/xxKuzi/received_events","type":"User","user_view_type":"private","site_admin":false,"name":null,"company":null,"blog":"","location":null,"email":null,"hireable":null,"bio":null,"twitter_username":null,"notification_email":null,"public_repos":0,"public_gists":0,"followers":0,"following":0,"created_at":"2022-12-16T16:40:29Z","updated_at":"2025-01-04T09:39:28Z","private_gists":0,"total_private_repos":6,"owned_private_repos":6,"disk_usage":171431,"collaborators":0,"two_factor_authentication":false,"plan":{"name":"free","space":976562499,"collaborators":0,"private_repos":10000}}
[info] 
[info] ✔  Success! Logged into GitHub as xxKuzi 
[info] 
